<?xml version="1.0" encoding="UTF-8"?>
<!-- Generated by org.testng.reporters.JUnitReportReporter -->
<testsuite hostname="DESKTOP-A0PA6AD" failures="0" tests="1" name="scrips.test2" time="0.022" errors="0" timestamp="2022-10-04T01:37:28 IST" skipped="0">
  <testcase classname="scrips.test2" name="tc1" time="0.022"/>
  <system-out>
    <![CDATA[hello python]]>
  </system-out>
</testsuite> <!-- scrips.test2 -->
